2025-04-28T16:45:28.591568: {"level":"info","ts":1745833528.5913274,"msg":"maxprocs: Leaving GOMAXPROCS=16: CPU quota undefined"}
2025-04-28T16:45:28.591750: {"level":"info","ts":1745833528.5913274,"msg":"GOMEMLIMIT is updated","package":"github.com/KimMachineGun/automemlimit/memlimit","GOMEMLIMIT":30143036620,"previous":9223372036854775807}
2025-04-28T16:45:28.592234: {"level":"info","ts":1745833528.5918336,"msg":"using config from file","file":"C:\\Users\\LEGION\\Documents\\Semua File Penting\\PYTHON_PORT_SWITCH\\caddy\\Caddyfile"}
2025-04-28T16:45:28.592711: {"level":"info","ts":1745833528.592364,"msg":"maxprocs: No GOMAXPROCS change to reset"}
2025-04-28T16:45:28.592748: Error: adapting config using caddyfile: parsing caddyfile tokens for 'log': wrong argument count or unexpected line ending after 'File', at C:\Users\LEGION\Documents\Semua File Penting\PYTHON_PORT_SWITCH\caddy\Caddyfile:15
2025-04-28T16:47:43.704755: {"level":"info","ts":1745833663.7045853,"msg":"maxprocs: Leaving GOMAXPROCS=16: CPU quota undefined"}
2025-04-28T16:47:43.704892: {"level":"info","ts":1745833663.7045853,"msg":"GOMEMLIMIT is updated","package":"github.com/KimMachineGun/automemlimit/memlimit","GOMEMLIMIT":30143036620,"previous":9223372036854775807}
2025-04-28T16:47:43.705201: {"level":"info","ts":1745833663.7050905,"msg":"using config from file","file":"C:\\Users\\LEGION\\Documents\\Semua File Penting\\PYTHON_PORT_SWITCH\\caddy\\Caddyfile"}
2025-04-28T16:47:43.705309: {"level":"info","ts":1745833663.7050905,"msg":"maxprocs: No GOMAXPROCS change to reset"}
2025-04-28T16:47:43.705339: Error: adapting config using caddyfile: parsing caddyfile tokens for 'log': wrong argument count or unexpected line ending after 'File', at C:\Users\LEGION\Documents\Semua File Penting\PYTHON_PORT_SWITCH\caddy\Caddyfile:10
2025-04-28T16:57:43.195642: {"level":"info","ts":1745834263.1953483,"msg":"maxprocs: Leaving GOMAXPROCS=16: CPU quota undefined"}
2025-04-28T16:57:43.195781: {"level":"info","ts":1745834263.1953483,"msg":"GOMEMLIMIT is updated","package":"github.com/KimMachineGun/automemlimit/memlimit","GOMEMLIMIT":30143036620,"previous":9223372036854775807}
2025-04-28T16:57:43.196182: {"level":"info","ts":1745834263.1959562,"msg":"using config from file","file":"C:\\Users\\LEGION\\Documents\\Semua File Penting\\PYTHON_PORT_SWITCH\\caddy\\Caddyfile"}
2025-04-28T16:57:43.197893: {"level":"info","ts":1745834263.1975174,"msg":"adapted config to JSON","adapter":"caddyfile"}
2025-04-28T16:57:43.197936: {"level":"warn","ts":1745834263.1975174,"msg":"Caddyfile input is not formatted; run 'caddy fmt --overwrite' to fix inconsistencies","adapter":"caddyfile","file":"C:\\Users\\LEGION\\Documents\\Semua File Penting\\PYTHON_PORT_SWITCH\\caddy\\Caddyfile","line":3}
2025-04-28T16:57:43.198791: {"level":"info","ts":1745834263.19855,"msg":"redirected default logger","from":"stderr","to":"C:\\Users\\LEGION\\Documents\\Semua File Penting\\PYTHON_PORT_SWITCH\\caddy\\logs\\caddy.log"}
{"level":"warn","ts":1745834263.19855,"logger":"admin","msg":"admin endpoint disabled"}
{"level":"info","ts":1745834263.1990726,"logger":"tls.cache.maintenance","msg":"started background certificate maintenance","cache":"0xc00006c600"}
{"level":"info","ts":1745834263.1990726,"logger":"http.auto_https","msg":"server is listening only on the HTTPS port but has no TLS connection policies; adding one to enable TLS","server_name":"srv0","https_port":443}
{"level":"info","ts":1745834263.1990726,"logger":"http.auto_https","msg":"enabling automatic HTTP->HTTPS redirects","server_name":"srv0"}
{"level":"warn","ts":1745834263.1990726,"logger":"http.auto_https","msg":"server is listening only on the HTTP port, so no automatic HTTPS will be applied to this server","server_name":"srv1","http_port":80}
{"level":"info","ts":1745834263.1990726,"logger":"http.auto_https","msg":"enabling automatic HTTP->HTTPS redirects","server_name":"srv2"}
{"level":"warn","ts":1745834263.2444463,"logger":"pki.ca.local","msg":"installing root certificate (you might be prompted for password)","path":"storage:pki/authorities/local/root.crt"}
2025-04-28T16:57:43.956047: {"level":"info","ts":1745834263.955977,"msg":"certificate installed properly in Java keystore"}
2025-04-28T16:57:43.956112: {"level":"info","ts":1745834263.955977,"msg":"note: NSS support is not available on your platform"}
{"level":"error","ts":1745834343.7988446,"logger":"pki.ca.local","msg":"failed to install root certificate","error":"add cert failed: Failed adding cert: The operation was canceled by the user.","certificate_file":"storage:pki/authorities/local/root.crt"}
{"level":"info","ts":1745834343.799893,"logger":"http","msg":"enabling HTTP/3 listener","addr":":443"}
{"level":"info","ts":1745834343.799893,"logger":"http.log","msg":"server running","name":"srv0","protocols":["h1","h2","h3"]}
{"level":"warn","ts":1745834343.799893,"logger":"http","msg":"HTTP/2 skipped because it requires TLS","network":"tcp","addr":":80"}
{"level":"warn","ts":1745834343.799893,"logger":"http","msg":"HTTP/3 skipped because it requires TLS","network":"tcp","addr":":80"}
{"level":"info","ts":1745834343.799893,"logger":"http.log","msg":"server running","name":"srv1","protocols":["h1","h2","h3"]}
{"level":"info","ts":1745834343.800426,"logger":"http","msg":"enabling HTTP/3 listener","addr":":9072"}
{"level":"info","ts":1745834343.800426,"logger":"http.log","msg":"server running","name":"srv2","protocols":["h1","h2","h3"]}
{"level":"info","ts":1745834343.800426,"logger":"http","msg":"enabling automatic TLS certificate management","domains":["10.20.50.195"]}
{"level":"info","ts":1745834343.8014755,"msg":"autosaved config (load with --resume flag)","file":"C:\\Users\\LEGION\\AppData\\Roaming\\Caddy\\autosave.json"}
2025-04-28T16:59:03.801656: {"level":"info","ts":1745834343.8014755,"msg":"serving initial configuration"}
{"level":"info","ts":1745834343.870808,"logger":"tls","msg":"cleaning storage unit","storage":"FileStorage:C:\\Users\\LEGION\\AppData\\Roaming\\Caddy"}
{"level":"info","ts":1745834343.8762085,"logger":"tls.obtain","msg":"acquiring lock","identifier":"10.20.50.195"}
{"level":"info","ts":1745834343.877766,"logger":"tls","msg":"finished cleaning storage units"}
{"level":"info","ts":1745834343.8837743,"logger":"tls.obtain","msg":"lock acquired","identifier":"10.20.50.195"}
{"level":"info","ts":1745834343.8837743,"logger":"tls.obtain","msg":"obtaining certificate","identifier":"10.20.50.195"}
{"level":"info","ts":1745834343.9042313,"logger":"tls.obtain","msg":"certificate obtained successfully","identifier":"10.20.50.195","issuer":"local"}
{"level":"info","ts":1745834343.9042313,"logger":"tls.obtain","msg":"releasing lock","identifier":"10.20.50.195"}
2025-04-28T17:01:43.417530: {"level":"info","ts":1745834503.4172268,"msg":"maxprocs: Leaving GOMAXPROCS=16: CPU quota undefined"}
2025-04-28T17:01:43.417671: {"level":"info","ts":1745834503.4172268,"msg":"GOMEMLIMIT is updated","package":"github.com/KimMachineGun/automemlimit/memlimit","GOMEMLIMIT":30143036620,"previous":9223372036854775807}
2025-04-28T17:01:43.417728: {"level":"info","ts":1745834503.4172268,"msg":"using config from file","file":"C:\\Users\\LEGION\\Documents\\Semua File Penting\\PYTHON_PORT_SWITCH\\caddy\\Caddyfile"}
2025-04-28T17:01:43.417836: {"level":"info","ts":1745834503.4177623,"msg":"maxprocs: No GOMAXPROCS change to reset"}
2025-04-28T17:01:43.417861: Error: adapting config using caddyfile: C:\Users\LEGION\Documents\Semua File Penting\PYTHON_PORT_SWITCH\caddy\Caddyfile:8: unrecognized global option: skip_cert_verify2025-04-28T17:03:33.158552: {"level":"info","ts":1745834613.1582398,"msg":"maxprocs: Leaving GOMAXPROCS=16: CPU quota undefined"}
2025-04-28T17:03:33.158714: {"level":"info","ts":1745834613.1582398,"msg":"GOMEMLIMIT is updated","package":"github.com/KimMachineGun/automemlimit/memlimit","GOMEMLIMIT":30143036620,"previous":9223372036854775807}
2025-04-28T17:03:33.159083: {"level":"info","ts":1745834613.1587703,"msg":"using config from file","file":"C:\\Users\\LEGION\\Documents\\Semua File Penting\\PYTHON_PORT_SWITCH\\caddy\\Caddyfile"}
2025-04-28T17:03:33.160651: {"level":"info","ts":1745834613.160436,"msg":"adapted config to JSON","adapter":"caddyfile"}
2025-04-28T17:03:33.160743: {"level":"warn","ts":1745834613.160436,"msg":"Caddyfile input is not formatted; run 'caddy fmt --overwrite' to fix inconsistencies","adapter":"caddyfile","file":"C:\\Users\\LEGION\\Documents\\Semua File Penting\\PYTHON_PORT_SWITCH\\caddy\\Caddyfile","line":3}
2025-04-28T17:03:33.161454: {"level":"info","ts":1745834613.1609442,"msg":"redirected default logger","from":"stderr","to":"C:\\Users\\LEGION\\Documents\\Semua File Penting\\PYTHON_PORT_SWITCH\\caddy\\logs\\caddy.log"}
{"level":"warn","ts":1745834613.1609442,"logger":"admin","msg":"admin endpoint disabled"}
{"level":"info","ts":1745834613.1614757,"logger":"tls.cache.maintenance","msg":"started background certificate maintenance","cache":"0xc000519600"}
{"level":"info","ts":1745834613.1614757,"logger":"http.auto_https","msg":"automatic HTTPS is completely disabled for server","server_name":"srv0"}
{"level":"info","ts":1745834613.1614757,"logger":"http.auto_https","msg":"automatic HTTPS is completely disabled for server","server_name":"srv1"}
{"level":"info","ts":1745834613.1614757,"logger":"http.auto_https","msg":"automatic HTTPS is completely disabled for server","server_name":"srv2"}
{"level":"info","ts":1745834613.163041,"logger":"http","msg":"enabling HTTP/3 listener","addr":":443"}
{"level":"info","ts":1745834613.163041,"logger":"http.log","msg":"server running","name":"srv0","protocols":["h1","h2","h3"]}
{"level":"warn","ts":1745834613.163646,"logger":"http","msg":"HTTP/2 skipped because it requires TLS","network":"tcp","addr":":80"}
{"level":"warn","ts":1745834613.163646,"logger":"http","msg":"HTTP/3 skipped because it requires TLS","network":"tcp","addr":":80"}
{"level":"info","ts":1745834613.163646,"logger":"http.log","msg":"server running","name":"srv1","protocols":["h1","h2","h3"]}
{"level":"info","ts":1745834613.163646,"logger":"http","msg":"enabling HTTP/3 listener","addr":":9072"}
{"level":"info","ts":1745834613.164171,"logger":"http.log","msg":"server running","name":"srv2","protocols":["h1","h2","h3"]}
{"level":"info","ts":1745834613.1647077,"msg":"autosaved config (load with --resume flag)","file":"C:\\Users\\LEGION\\AppData\\Roaming\\Caddy\\autosave.json"}
2025-04-28T17:03:33.164903: {"level":"info","ts":1745834613.1647077,"msg":"serving initial configuration"}
{"level":"info","ts":1745834614.060196,"logger":"tls","msg":"storage cleaning happened too recently; skipping for now","storage":"FileStorage:C:\\Users\\LEGION\\AppData\\Roaming\\Caddy","instance":"3dad4739-de24-46e6-a887-d8e7459757cd","try_again":1745921014.060196,"try_again_in":86400}
{"level":"info","ts":1745834614.0607538,"logger":"tls","msg":"finished cleaning storage units"}
2025-04-28T17:04:49.660806: {"level":"info","ts":1745834689.6602635,"msg":"maxprocs: Leaving GOMAXPROCS=16: CPU quota undefined"}
2025-04-28T17:06:02.400186: {"level":"info","ts":1745834762.3998356,"msg":"maxprocs: Leaving GOMAXPROCS=16: CPU quota undefined"}
2025-04-28T17:06:02.400322: {"level":"info","ts":1745834762.3998356,"msg":"GOMEMLIMIT is updated","package":"github.com/KimMachineGun/automemlimit/memlimit","GOMEMLIMIT":30143036620,"previous":9223372036854775807}
2025-04-28T17:06:02.400719: {"level":"info","ts":1745834762.400362,"msg":"using config from file","file":"C:\\Users\\LEGION\\Documents\\Semua File Penting\\PYTHON_PORT_SWITCH\\caddy\\Caddyfile"}
2025-04-28T17:06:02.401696: {"level":"info","ts":1745834762.4014585,"msg":"maxprocs: No GOMAXPROCS change to reset"}
2025-04-28T17:06:02.401732: Error: adapting config using caddyfile: server block 2, key 0 (https://10.20.50.195:80): determining listener address: [https://10.20.50.195:80] scheme and port violate convention
2025-04-28T17:07:22.738398: {"level":"info","ts":1745834842.73817,"msg":"maxprocs: Leaving GOMAXPROCS=16: CPU quota undefined"}
2025-04-28T17:07:22.738535: {"level":"info","ts":1745834842.73817,"msg":"GOMEMLIMIT is updated","package":"github.com/KimMachineGun/automemlimit/memlimit","GOMEMLIMIT":30143036620,"previous":9223372036854775807}
2025-04-28T17:07:22.738846: {"level":"info","ts":1745834842.7387009,"msg":"using config from file","file":"C:\\Users\\LEGION\\Documents\\Semua File Penting\\PYTHON_PORT_SWITCH\\caddy\\Caddyfile"}
2025-04-28T17:07:22.739688: {"level":"info","ts":1745834842.7392318,"msg":"maxprocs: No GOMAXPROCS change to reset"}
2025-04-28T17:07:22.739713: Error: adapting config using caddyfile: ambiguous site definition: 10.20.50.195:9072
2025-04-28T17:08:37.819370: {"level":"info","ts":1745834917.8184402,"msg":"maxprocs: Leaving GOMAXPROCS=16: CPU quota undefined"}
2025-04-28T17:08:37.819533: {"level":"info","ts":1745834917.8190708,"msg":"GOMEMLIMIT is updated","package":"github.com/KimMachineGun/automemlimit/memlimit","GOMEMLIMIT":30143036620,"previous":9223372036854775807}
2025-04-28T17:08:37.819905: {"level":"info","ts":1745834917.819577,"msg":"using config from file","file":"C:\\Users\\LEGION\\Documents\\Semua File Penting\\PYTHON_PORT_SWITCH\\caddy\\Caddyfile"}
2025-04-28T17:08:37.821215: {"level":"info","ts":1745834917.8206608,"msg":"adapted config to JSON","adapter":"caddyfile"}
2025-04-28T17:08:37.821269: {"level":"warn","ts":1745834917.8206608,"msg":"Caddyfile input is not formatted; run 'caddy fmt --overwrite' to fix inconsistencies","adapter":"caddyfile","file":"C:\\Users\\LEGION\\Documents\\Semua File Penting\\PYTHON_PORT_SWITCH\\caddy\\Caddyfile","line":3}
2025-04-28T17:08:37.822142: {"level":"info","ts":1745834917.8217278,"msg":"redirected default logger","from":"stderr","to":"C:\\Users\\LEGION\\Documents\\Semua File Penting\\PYTHON_PORT_SWITCH\\caddy\\logs\\caddy.log"}
{"level":"warn","ts":1745834917.8217278,"logger":"admin","msg":"admin endpoint disabled"}
{"level":"info","ts":1745834917.8222558,"logger":"tls.cache.maintenance","msg":"started background certificate maintenance","cache":"0xc000556700"}
{"level":"info","ts":1745834917.8222558,"logger":"http.auto_https","msg":"automatic HTTPS is completely disabled for server","server_name":"srv0"}
{"level":"info","ts":1745834917.8222558,"logger":"http.auto_https","msg":"automatic HTTPS is completely disabled for server","server_name":"srv1"}
{"level":"info","ts":1745834917.8222558,"logger":"http.auto_https","msg":"automatic HTTPS is completely disabled for server","server_name":"srv2"}
{"level":"info","ts":1745834917.8232946,"logger":"http","msg":"enabling HTTP/3 listener","addr":":443"}
{"level":"info","ts":1745834917.8238158,"logger":"http.log","msg":"server running","name":"srv0","protocols":["h1","h2","h3"]}
{"level":"warn","ts":1745834917.8238158,"logger":"http","msg":"HTTP/2 skipped because it requires TLS","network":"tcp","addr":":80"}
{"level":"warn","ts":1745834917.8238158,"logger":"http","msg":"HTTP/3 skipped because it requires TLS","network":"tcp","addr":":80"}
{"level":"info","ts":1745834917.8238158,"logger":"http.log","msg":"server running","name":"srv1","protocols":["h1","h2","h3"]}
{"level":"info","ts":1745834917.8238158,"logger":"http","msg":"enabling HTTP/3 listener","addr":":9072"}
{"level":"info","ts":1745834917.8238158,"logger":"http.log","msg":"server running","name":"srv2","protocols":["h1","h2","h3"]}
{"level":"info","ts":1745834917.824337,"msg":"autosaved config (load with --resume flag)","file":"C:\\Users\\LEGION\\AppData\\Roaming\\Caddy\\autosave.json"}
2025-04-28T17:08:37.824646: {"level":"info","ts":1745834917.824337,"msg":"serving initial configuration"}
{"level":"info","ts":1745834917.8318608,"logger":"tls","msg":"storage cleaning happened too recently; skipping for now","storage":"FileStorage:C:\\Users\\LEGION\\AppData\\Roaming\\Caddy","instance":"3dad4739-de24-46e6-a887-d8e7459757cd","try_again":1745921317.8318608,"try_again_in":86400}
{"level":"info","ts":1745834917.8318608,"logger":"tls","msg":"finished cleaning storage units"}
2025-04-28T17:11:06.027762: {"level":"info","ts":1745835066.0275888,"msg":"maxprocs: Leaving GOMAXPROCS=16: CPU quota undefined"}
2025-04-28T17:11:06.027911: {"level":"info","ts":1745835066.0275888,"msg":"GOMEMLIMIT is updated","package":"github.com/KimMachineGun/automemlimit/memlimit","GOMEMLIMIT":30143036620,"previous":9223372036854775807}
2025-04-28T17:11:06.028173: {"level":"info","ts":1745835066.028106,"msg":"using config from file","file":"C:\\Users\\LEGION\\Documents\\Semua File Penting\\PYTHON_PORT_SWITCH\\caddy\\Caddyfile"}
2025-04-28T17:11:06.029340: {"level":"info","ts":1745835066.0291533,"msg":"adapted config to JSON","adapter":"caddyfile"}
2025-04-28T17:11:06.029369: {"level":"warn","ts":1745835066.0291533,"msg":"Caddyfile input is not formatted; run 'caddy fmt --overwrite' to fix inconsistencies","adapter":"caddyfile","file":"C:\\Users\\LEGION\\Documents\\Semua File Penting\\PYTHON_PORT_SWITCH\\caddy\\Caddyfile","line":3}
2025-04-28T17:11:06.030031: {"level":"info","ts":1745835066.0296721,"msg":"redirected default logger","from":"stderr","to":"C:\\Users\\LEGION\\Documents\\Semua File Penting\\PYTHON_PORT_SWITCH\\caddy\\logs\\caddy.log"}
{"level":"warn","ts":1745835066.0296721,"logger":"admin","msg":"admin endpoint disabled"}
{"level":"info","ts":1745835066.0301952,"logger":"http.auto_https","msg":"automatic HTTPS is completely disabled for server","server_name":"srv0"}
{"level":"info","ts":1745835066.0301952,"logger":"http.auto_https","msg":"automatic HTTPS is completely disabled for server","server_name":"srv1"}
{"level":"info","ts":1745835066.0301952,"logger":"tls.cache.maintenance","msg":"started background certificate maintenance","cache":"0xc00061ea00"}
{"level":"info","ts":1745835066.0301952,"logger":"http.auto_https","msg":"automatic HTTPS is completely disabled for server","server_name":"srv2"}
{"level":"info","ts":1745835066.0312722,"logger":"http","msg":"enabling HTTP/3 listener","addr":":443"}
{"level":"info","ts":1745835066.031852,"logger":"http.log","msg":"server running","name":"srv0","protocols":["h1","h2","h3"]}
{"level":"warn","ts":1745835066.031852,"logger":"http","msg":"HTTP/2 skipped because it requires TLS","network":"tcp","addr":":80"}
{"level":"warn","ts":1745835066.031852,"logger":"http","msg":"HTTP/3 skipped because it requires TLS","network":"tcp","addr":":80"}
{"level":"info","ts":1745835066.031852,"logger":"http.log","msg":"server running","name":"srv1","protocols":["h1","h2","h3"]}
{"level":"info","ts":1745835066.031852,"logger":"http","msg":"enabling HTTP/3 listener","addr":":9072"}
{"level":"info","ts":1745835066.031852,"logger":"http.log","msg":"server running","name":"srv2","protocols":["h1","h2","h3"]}
{"level":"info","ts":1745835066.0323584,"msg":"autosaved config (load with --resume flag)","file":"C:\\Users\\LEGION\\AppData\\Roaming\\Caddy\\autosave.json"}
2025-04-28T17:11:06.032584: {"level":"info","ts":1745835066.0323584,"msg":"serving initial configuration"}
{"level":"info","ts":1745835066.039868,"logger":"tls","msg":"storage cleaning happened too recently; skipping for now","storage":"FileStorage:C:\\Users\\LEGION\\AppData\\Roaming\\Caddy","instance":"3dad4739-de24-46e6-a887-d8e7459757cd","try_again":1745921466.039868,"try_again_in":86400}
{"level":"info","ts":1745835066.039868,"logger":"tls","msg":"finished cleaning storage units"}
2025-04-28T17:12:37.057797: {"level":"info","ts":1745835157.0575864,"msg":"maxprocs: Leaving GOMAXPROCS=16: CPU quota undefined"}
2025-04-28T17:12:37.057886: {"level":"info","ts":1745835157.0575864,"msg":"GOMEMLIMIT is updated","package":"github.com/KimMachineGun/automemlimit/memlimit","GOMEMLIMIT":30143036620,"previous":9223372036854775807}
2025-04-28T17:12:37.058278: {"level":"info","ts":1745835157.0580928,"msg":"using config from file","file":"C:\\Users\\LEGION\\Documents\\Semua File Penting\\PYTHON_PORT_SWITCH\\caddy\\Caddyfile"}
2025-04-28T17:12:37.059817: {"level":"info","ts":1745835157.059684,"msg":"adapted config to JSON","adapter":"caddyfile"}
2025-04-28T17:12:37.059849: {"level":"warn","ts":1745835157.059684,"msg":"Caddyfile input is not formatted; run 'caddy fmt --overwrite' to fix inconsistencies","adapter":"caddyfile","file":"C:\\Users\\LEGION\\Documents\\Semua File Penting\\PYTHON_PORT_SWITCH\\caddy\\Caddyfile","line":3}
2025-04-28T17:12:37.060521: {"level":"info","ts":1745835157.060211,"msg":"redirected default logger","from":"stderr","to":"C:\\Users\\LEGION\\Documents\\Semua File Penting\\PYTHON_PORT_SWITCH\\caddy\\logs\\caddy.log"}
{"level":"warn","ts":1745835157.060211,"logger":"admin","msg":"admin endpoint disabled"}
{"level":"info","ts":1745835157.060211,"logger":"http.auto_https","msg":"automatic HTTPS is completely disabled for server","server_name":"srv0"}
{"level":"info","ts":1745835157.060211,"logger":"tls.cache.maintenance","msg":"started background certificate maintenance","cache":"0xc00044a800"}
{"level":"info","ts":1745835157.060211,"logger":"http.auto_https","msg":"automatic HTTPS is completely disabled for server","server_name":"srv1"}
{"level":"info","ts":1745835157.060745,"logger":"http.auto_https","msg":"automatic HTTPS is completely disabled for server","server_name":"srv2"}
2025-04-28T17:12:37.062179: {"level":"info","ts":1745835157.0618076,"msg":"maxprocs: No GOMAXPROCS change to reset"}
2025-04-28T17:12:37.062208: Error: loading initial config: loading new config: http app module: start: listening on :443: listen tcp :443: bind: Only one usage of each socket address (protocol/network address/port) is normally permitted.
2025-04-28T17:13:20.312107: {"level":"info","ts":1745835200.31158,"msg":"maxprocs: Leaving GOMAXPROCS=16: CPU quota undefined"}
2025-04-28T17:13:20.312192: {"level":"info","ts":1745835200.31158,"msg":"GOMEMLIMIT is updated","package":"github.com/KimMachineGun/automemlimit/memlimit","GOMEMLIMIT":30143036620,"previous":9223372036854775807}
2025-04-28T17:13:20.312568: {"level":"info","ts":1745835200.3121085,"msg":"using config from file","file":"C:\\Users\\LEGION\\Documents\\Semua File Penting\\PYTHON_PORT_SWITCH\\caddy\\Caddyfile"}
2025-04-28T17:13:20.313747: {"level":"info","ts":1745835200.3136852,"msg":"adapted config to JSON","adapter":"caddyfile"}
2025-04-28T17:13:20.313784: {"level":"warn","ts":1745835200.3136852,"msg":"Caddyfile input is not formatted; run 'caddy fmt --overwrite' to fix inconsistencies","adapter":"caddyfile","file":"C:\\Users\\LEGION\\Documents\\Semua File Penting\\PYTHON_PORT_SWITCH\\caddy\\Caddyfile","line":3}
2025-04-28T17:13:20.314598: {"level":"info","ts":1745835200.3142316,"msg":"redirected default logger","from":"stderr","to":"C:\\Users\\LEGION\\Documents\\Semua File Penting\\PYTHON_PORT_SWITCH\\caddy\\logs\\caddy.log"}
{"level":"warn","ts":1745835200.3142316,"logger":"admin","msg":"admin endpoint disabled"}
{"level":"info","ts":1745835200.3147638,"logger":"tls.cache.maintenance","msg":"started background certificate maintenance","cache":"0xc00017e480"}
{"level":"info","ts":1745835200.3147638,"logger":"http.auto_https","msg":"automatic HTTPS is completely disabled for server","server_name":"srv0"}
{"level":"info","ts":1745835200.3147638,"logger":"http.auto_https","msg":"automatic HTTPS is completely disabled for server","server_name":"srv1"}
{"level":"info","ts":1745835200.3147638,"logger":"http.auto_https","msg":"automatic HTTPS is completely disabled for server","server_name":"srv2"}
2025-04-28T17:13:20.316568: {"level":"info","ts":1745835200.3163795,"msg":"maxprocs: No GOMAXPROCS change to reset"}
2025-04-28T17:13:20.316629: Error: loading initial config: loading new config: http app module: start: listening on :443: listen tcp :443: bind: Only one usage of each socket address (protocol/network address/port) is normally permitted.
2025-04-29T08:17:10.107781: {"level":"info","ts":1745889430.1063445,"msg":"maxprocs: Leaving GOMAXPROCS=16: CPU quota undefined"}
2025-04-29T08:17:10.107914: {"level":"info","ts":1745889430.1074467,"msg":"GOMEMLIMIT is updated","package":"github.com/KimMachineGun/automemlimit/memlimit","GOMEMLIMIT":30143036620,"previous":9223372036854775807}
2025-04-29T08:17:10.108227: {"level":"info","ts":1745889430.1079872,"msg":"using config from file","file":"C:\\Users\\LEGION\\Documents\\Semua File Penting\\PYTHON_PORT_SWITCH\\caddy\\Caddyfile"}
2025-04-29T08:17:10.109316: {"level":"info","ts":1745889430.1090298,"msg":"adapted config to JSON","adapter":"caddyfile"}
2025-04-29T08:17:10.109363: {"level":"warn","ts":1745889430.1090298,"msg":"Caddyfile input is not formatted; run 'caddy fmt --overwrite' to fix inconsistencies","adapter":"caddyfile","file":"C:\\Users\\LEGION\\Documents\\Semua File Penting\\PYTHON_PORT_SWITCH\\caddy\\Caddyfile","line":3}
2025-04-29T08:17:10.110586: {"level":"info","ts":1745889430.1100795,"msg":"redirected default logger","from":"stderr","to":"C:\\Users\\LEGION\\Documents\\Semua File Penting\\PYTHON_PORT_SWITCH\\caddy\\logs\\caddy.log"}
{"level":"warn","ts":1745889430.1100795,"logger":"admin","msg":"admin endpoint disabled"}
{"level":"info","ts":1745889430.1106105,"logger":"tls.cache.maintenance","msg":"started background certificate maintenance","cache":"0xc00006c500"}
{"level":"info","ts":1745889430.1106105,"logger":"http.auto_https","msg":"automatic HTTPS is completely disabled for server","server_name":"srv0"}
{"level":"info","ts":1745889430.1106105,"logger":"http.auto_https","msg":"automatic HTTPS is completely disabled for server","server_name":"srv1"}
{"level":"info","ts":1745889430.1106105,"logger":"http.auto_https","msg":"automatic HTTPS is completely disabled for server","server_name":"srv2"}
{"level":"info","ts":1745889430.1122339,"logger":"http","msg":"enabling HTTP/3 listener","addr":":443"}
{"level":"info","ts":1745889430.1122339,"logger":"http.log","msg":"server running","name":"srv0","protocols":["h1","h2","h3"]}
{"level":"warn","ts":1745889430.1122339,"logger":"http","msg":"HTTP/2 skipped because it requires TLS","network":"tcp","addr":":80"}
{"level":"warn","ts":1745889430.1122339,"logger":"http","msg":"HTTP/3 skipped because it requires TLS","network":"tcp","addr":":80"}
{"level":"info","ts":1745889430.1122339,"logger":"http.log","msg":"server running","name":"srv1","protocols":["h1","h2","h3"]}
{"level":"info","ts":1745889430.1122339,"logger":"http","msg":"enabling HTTP/3 listener","addr":":9072"}
{"level":"info","ts":1745889430.1127698,"logger":"http.log","msg":"server running","name":"srv2","protocols":["h1","h2","h3"]}
{"level":"info","ts":1745889430.1127698,"msg":"autosaved config (load with --resume flag)","file":"C:\\Users\\LEGION\\AppData\\Roaming\\Caddy\\autosave.json"}
2025-04-29T08:17:10.113299: {"level":"info","ts":1745889430.1127698,"msg":"serving initial configuration"}
{"level":"info","ts":1745889430.1362407,"logger":"tls","msg":"storage cleaning happened too recently; skipping for now","storage":"FileStorage:C:\\Users\\LEGION\\AppData\\Roaming\\Caddy","instance":"3dad4739-de24-46e6-a887-d8e7459757cd","try_again":1745975830.1362407,"try_again_in":86400}
{"level":"info","ts":1745889430.1362407,"logger":"tls","msg":"finished cleaning storage units"}
2025-04-29T09:03:56.155494: {"level":"info","ts":1745892236.1552937,"msg":"maxprocs: Leaving GOMAXPROCS=16: CPU quota undefined"}
2025-04-29T09:03:56.155640: {"level":"info","ts":1745892236.1552937,"msg":"GOMEMLIMIT is updated","package":"github.com/KimMachineGun/automemlimit/memlimit","GOMEMLIMIT":30143036620,"previous":9223372036854775807}
2025-04-29T09:03:56.155920: {"level":"info","ts":1745892236.1552937,"msg":"using config from file","file":"C:\\Users\\LEGION\\Documents\\Semua File Penting\\PYTHON_PORT_SWITCH\\caddy\\Caddyfile"}
2025-04-29T09:03:56.157329: {"level":"info","ts":1745892236.1562934,"msg":"adapted config to JSON","adapter":"caddyfile"}
2025-04-29T09:03:56.157376: {"level":"warn","ts":1745892236.1562934,"msg":"Caddyfile input is not formatted; run 'caddy fmt --overwrite' to fix inconsistencies","adapter":"caddyfile","file":"C:\\Users\\LEGION\\Documents\\Semua File Penting\\PYTHON_PORT_SWITCH\\caddy\\Caddyfile","line":3}
2025-04-29T09:03:56.158517: {"level":"info","ts":1745892236.157799,"msg":"redirected default logger","from":"stderr","to":"C:\\Users\\LEGION\\Documents\\Semua File Penting\\PYTHON_PORT_SWITCH\\caddy\\logs\\caddy.log"}
{"level":"warn","ts":1745892236.157799,"logger":"admin","msg":"admin endpoint disabled"}
{"level":"info","ts":1745892236.157799,"logger":"tls.cache.maintenance","msg":"started background certificate maintenance","cache":"0xc00006d280"}
{"level":"info","ts":1745892236.157799,"logger":"http.auto_https","msg":"automatic HTTPS is completely disabled for server","server_name":"srv0"}
{"level":"info","ts":1745892236.157799,"logger":"http.auto_https","msg":"automatic HTTPS is completely disabled for server","server_name":"srv1"}
{"level":"info","ts":1745892236.157799,"logger":"http.auto_https","msg":"automatic HTTPS is completely disabled for server","server_name":"srv2"}
{"level":"info","ts":1745892236.1588051,"logger":"http","msg":"enabling HTTP/3 listener","addr":":443"}
{"level":"info","ts":1745892236.160133,"logger":"http.log","msg":"server running","name":"srv0","protocols":["h1","h2","h3"]}
{"level":"warn","ts":1745892236.160133,"logger":"http","msg":"HTTP/2 skipped because it requires TLS","network":"tcp","addr":":80"}
{"level":"warn","ts":1745892236.160133,"logger":"http","msg":"HTTP/3 skipped because it requires TLS","network":"tcp","addr":":80"}
{"level":"info","ts":1745892236.160133,"logger":"http.log","msg":"server running","name":"srv1","protocols":["h1","h2","h3"]}
{"level":"info","ts":1745892236.160133,"logger":"http","msg":"enabling HTTP/3 listener","addr":":9072"}
{"level":"info","ts":1745892236.160133,"logger":"http.log","msg":"server running","name":"srv2","protocols":["h1","h2","h3"]}
{"level":"info","ts":1745892236.160133,"msg":"autosaved config (load with --resume flag)","file":"C:\\Users\\LEGION\\AppData\\Roaming\\Caddy\\autosave.json"}
2025-04-29T09:03:56.161124: {"level":"info","ts":1745892236.160133,"msg":"serving initial configuration"}
{"level":"info","ts":1745892236.183484,"logger":"tls","msg":"storage cleaning happened too recently; skipping for now","storage":"FileStorage:C:\\Users\\LEGION\\AppData\\Roaming\\Caddy","instance":"3dad4739-de24-46e6-a887-d8e7459757cd","try_again":1745978636.183484,"try_again_in":86400}
{"level":"info","ts":1745892236.183484,"logger":"tls","msg":"finished cleaning storage units"}
2025-04-29T09:09:08.263356: {"level":"info","ts":1745892548.2628188,"msg":"maxprocs: Leaving GOMAXPROCS=16: CPU quota undefined"}
2025-04-29T09:09:08.263499: {"level":"info","ts":1745892548.2633567,"msg":"GOMEMLIMIT is updated","package":"github.com/KimMachineGun/automemlimit/memlimit","GOMEMLIMIT":30143036620,"previous":9223372036854775807}
2025-04-29T09:09:08.263957: {"level":"info","ts":1745892548.2639186,"msg":"using config from file","file":"C:\\Users\\LEGION\\Documents\\Semua File Penting\\PYTHON_PORT_SWITCH\\caddy\\Caddyfile"}
2025-04-29T09:09:08.265995: {"level":"info","ts":1745892548.2654839,"msg":"adapted config to JSON","adapter":"caddyfile"}
2025-04-29T09:09:08.266037: {"level":"warn","ts":1745892548.2654839,"msg":"Caddyfile input is not formatted; run 'caddy fmt --overwrite' to fix inconsistencies","adapter":"caddyfile","file":"C:\\Users\\LEGION\\Documents\\Semua File Penting\\PYTHON_PORT_SWITCH\\caddy\\Caddyfile","line":3}
2025-04-29T09:09:08.266640: {"level":"info","ts":1745892548.2665188,"msg":"redirected default logger","from":"stderr","to":"C:\\Users\\LEGION\\Documents\\Semua File Penting\\PYTHON_PORT_SWITCH\\caddy\\logs\\caddy.log"}
{"level":"warn","ts":1745892548.2665188,"logger":"admin","msg":"admin endpoint disabled"}
{"level":"info","ts":1745892548.2665188,"logger":"http.auto_https","msg":"automatic HTTPS is completely disabled for server","server_name":"srv0"}
{"level":"info","ts":1745892548.2665188,"logger":"tls.cache.maintenance","msg":"started background certificate maintenance","cache":"0xc00006d080"}
{"level":"info","ts":1745892548.2665188,"logger":"http.auto_https","msg":"automatic HTTPS is completely disabled for server","server_name":"srv1"}
{"level":"info","ts":1745892548.2665188,"logger":"http.auto_https","msg":"automatic HTTPS is completely disabled for server","server_name":"srv2"}
{"level":"info","ts":1745892548.268065,"logger":"http","msg":"enabling HTTP/3 listener","addr":":443"}
{"level":"info","ts":1745892548.268065,"logger":"http.log","msg":"server running","name":"srv0","protocols":["h1","h2","h3"]}
{"level":"warn","ts":1745892548.268065,"logger":"http","msg":"HTTP/2 skipped because it requires TLS","network":"tcp","addr":":80"}
{"level":"warn","ts":1745892548.268065,"logger":"http","msg":"HTTP/3 skipped because it requires TLS","network":"tcp","addr":":80"}
{"level":"info","ts":1745892548.268065,"logger":"http.log","msg":"server running","name":"srv1","protocols":["h1","h2","h3"]}
{"level":"info","ts":1745892548.2685864,"logger":"http","msg":"enabling HTTP/3 listener","addr":":9072"}
{"level":"info","ts":1745892548.2685864,"logger":"http.log","msg":"server running","name":"srv2","protocols":["h1","h2","h3"]}
{"level":"info","ts":1745892548.2685864,"msg":"autosaved config (load with --resume flag)","file":"C:\\Users\\LEGION\\AppData\\Roaming\\Caddy\\autosave.json"}
2025-04-29T09:09:08.269130: {"level":"info","ts":1745892548.2685864,"msg":"serving initial configuration"}
{"level":"info","ts":1745892548.284734,"logger":"tls","msg":"storage cleaning happened too recently; skipping for now","storage":"FileStorage:C:\\Users\\LEGION\\AppData\\Roaming\\Caddy","instance":"3dad4739-de24-46e6-a887-d8e7459757cd","try_again":1745978948.284734,"try_again_in":86400}
{"level":"info","ts":1745892548.2852385,"logger":"tls","msg":"finished cleaning storage units"}
2025-04-29T09:17:14.774860: {"level":"info","ts":1745893034.774532,"msg":"maxprocs: Leaving GOMAXPROCS=16: CPU quota undefined"}
2025-04-29T09:17:14.774994: {"level":"info","ts":1745893034.774532,"msg":"GOMEMLIMIT is updated","package":"github.com/KimMachineGun/automemlimit/memlimit","GOMEMLIMIT":30143036620,"previous":9223372036854775807}
2025-04-29T09:17:14.775318: {"level":"info","ts":1745893034.774532,"msg":"using config from file","file":"C:\\Users\\LEGION\\Documents\\Semua File Penting\\PYTHON_PORT_SWITCH\\caddy\\Caddyfile"}
2025-04-29T09:17:14.777408: {"level":"info","ts":1745893034.7764668,"msg":"adapted config to JSON","adapter":"caddyfile"}
2025-04-29T09:17:14.777438: {"level":"warn","ts":1745893034.7764668,"msg":"Caddyfile input is not formatted; run 'caddy fmt --overwrite' to fix inconsistencies","adapter":"caddyfile","file":"C:\\Users\\LEGION\\Documents\\Semua File Penting\\PYTHON_PORT_SWITCH\\caddy\\Caddyfile","line":3}
2025-04-29T09:17:14.778255: {"level":"info","ts":1745893034.7774737,"msg":"redirected default logger","from":"stderr","to":"C:\\Users\\LEGION\\Documents\\Semua File Penting\\PYTHON_PORT_SWITCH\\caddy\\logs\\caddy.log"}
{"level":"warn","ts":1745893034.7774737,"logger":"admin","msg":"admin endpoint disabled"}
{"level":"info","ts":1745893034.7774737,"logger":"tls.cache.maintenance","msg":"started background certificate maintenance","cache":"0xc00044b400"}
{"level":"info","ts":1745893034.7774737,"logger":"http.auto_https","msg":"automatic HTTPS is completely disabled for server","server_name":"srv0"}
{"level":"info","ts":1745893034.7774737,"logger":"http.auto_https","msg":"automatic HTTPS is completely disabled for server","server_name":"srv1"}
{"level":"info","ts":1745893034.7774737,"logger":"http.auto_https","msg":"automatic HTTPS is completely disabled for server","server_name":"srv2"}
{"level":"info","ts":1745893034.7798374,"logger":"http","msg":"enabling HTTP/3 listener","addr":":443"}
{"level":"info","ts":1745893034.7798374,"logger":"http.log","msg":"server running","name":"srv0","protocols":["h1","h2","h3"]}
{"level":"warn","ts":1745893034.7798374,"logger":"http","msg":"HTTP/2 skipped because it requires TLS","network":"tcp","addr":":80"}
{"level":"warn","ts":1745893034.7798374,"logger":"http","msg":"HTTP/3 skipped because it requires TLS","network":"tcp","addr":":80"}
{"level":"info","ts":1745893034.7798374,"logger":"http.log","msg":"server running","name":"srv1","protocols":["h1","h2","h3"]}
{"level":"info","ts":1745893034.7798374,"logger":"http","msg":"enabling HTTP/3 listener","addr":":9072"}
{"level":"info","ts":1745893034.7808375,"logger":"http.log","msg":"server running","name":"srv2","protocols":["h1","h2","h3"]}
{"level":"info","ts":1745893034.7808375,"msg":"autosaved config (load with --resume flag)","file":"C:\\Users\\LEGION\\AppData\\Roaming\\Caddy\\autosave.json"}
2025-04-29T09:17:14.781652: {"level":"info","ts":1745893034.7808375,"msg":"serving initial configuration"}
{"level":"info","ts":1745893034.7888243,"logger":"tls","msg":"storage cleaning happened too recently; skipping for now","storage":"FileStorage:C:\\Users\\LEGION\\AppData\\Roaming\\Caddy","instance":"3dad4739-de24-46e6-a887-d8e7459757cd","try_again":1745979434.7888243,"try_again_in":86400}
{"level":"info","ts":1745893034.7898252,"logger":"tls","msg":"finished cleaning storage units"}
2025-04-29T09:29:35.179966: {"level":"info","ts":1745893775.1796405,"msg":"maxprocs: Leaving GOMAXPROCS=16: CPU quota undefined"}
2025-04-29T09:29:35.180098: {"level":"info","ts":1745893775.1796405,"msg":"GOMEMLIMIT is updated","package":"github.com/KimMachineGun/automemlimit/memlimit","GOMEMLIMIT":30143036620,"previous":9223372036854775807}
2025-04-29T09:29:35.180398: {"level":"info","ts":1745893775.1796405,"msg":"using config from file","file":"C:\\Users\\LEGION\\Documents\\Semua File Penting\\PYTHON_PORT_SWITCH\\caddy\\Caddyfile"}
2025-04-29T09:29:35.181553: {"level":"info","ts":1745893775.1812117,"msg":"adapted config to JSON","adapter":"caddyfile"}
2025-04-29T09:29:35.181594: {"level":"warn","ts":1745893775.1812117,"msg":"Caddyfile input is not formatted; run 'caddy fmt --overwrite' to fix inconsistencies","adapter":"caddyfile","file":"C:\\Users\\LEGION\\Documents\\Semua File Penting\\PYTHON_PORT_SWITCH\\caddy\\Caddyfile","line":3}
2025-04-29T09:29:35.182874: {"level":"info","ts":1745893775.1821542,"msg":"redirected default logger","from":"stderr","to":"C:\\Users\\LEGION\\Documents\\Semua File Penting\\PYTHON_PORT_SWITCH\\caddy\\logs\\caddy.log"}
{"level":"warn","ts":1745893775.1821542,"logger":"admin","msg":"admin endpoint disabled"}
{"level":"info","ts":1745893775.1821542,"logger":"tls.cache.maintenance","msg":"started background certificate maintenance","cache":"0xc00006d500"}
{"level":"info","ts":1745893775.2163985,"logger":"http.auto_https","msg":"server is listening only on the HTTPS port but has no TLS connection policies; adding one to enable TLS","server_name":"srv0","https_port":443}
{"level":"info","ts":1745893775.2163985,"logger":"http.auto_https","msg":"automatic HTTP->HTTPS redirects are disabled","server_name":"srv0"}
{"level":"warn","ts":1745893775.2163985,"logger":"http.auto_https","msg":"server is listening only on the HTTP port, so no automatic HTTPS will be applied to this server","server_name":"srv1","http_port":80}
{"level":"info","ts":1745893775.2163985,"logger":"http.auto_https","msg":"automatic HTTP->HTTPS redirects are disabled","server_name":"srv2"}
{"level":"info","ts":1745893775.2241168,"logger":"tls","msg":"storage cleaning happened too recently; skipping for now","storage":"FileStorage:C:\\Users\\LEGION\\AppData\\Roaming\\Caddy","instance":"3dad4739-de24-46e6-a887-d8e7459757cd","try_again":1745980175.2241168,"try_again_in":86400}
{"level":"info","ts":1745893775.2241168,"logger":"tls","msg":"finished cleaning storage units"}
{"level":"warn","ts":1745893775.231169,"logger":"pki.ca.local","msg":"installing root certificate (you might be prompted for password)","path":"storage:pki/authorities/local/root.crt"}
2025-04-29T09:29:35.231952: {"level":"info","ts":1745893775.2316747,"msg":"note: NSS support is not available on your platform"}
2025-04-29T09:29:46.805538: {"level":"info","ts":1745893786.8048668,"msg":"certificate installed properly in windows trusts"}
{"level":"info","ts":1745893786.806526,"logger":"http","msg":"enabling HTTP/3 listener","addr":":9072"}
{"level":"info","ts":1745893786.8070593,"logger":"http.log","msg":"server running","name":"srv2","protocols":["h1","h2","h3"]}
{"level":"info","ts":1745893786.8070593,"logger":"http","msg":"enabling HTTP/3 listener","addr":":443"}
{"level":"info","ts":1745893786.8070593,"logger":"http.log","msg":"server running","name":"srv0","protocols":["h1","h2","h3"]}
{"level":"warn","ts":1745893786.8075912,"logger":"http","msg":"HTTP/2 skipped because it requires TLS","network":"tcp","addr":":80"}
{"level":"warn","ts":1745893786.8075912,"logger":"http","msg":"HTTP/3 skipped because it requires TLS","network":"tcp","addr":":80"}
{"level":"info","ts":1745893786.8075912,"logger":"http.log","msg":"server running","name":"srv1","protocols":["h1","h2","h3"]}
{"level":"info","ts":1745893786.8075912,"logger":"http","msg":"enabling automatic TLS certificate management","domains":["10.20.50.195"]}
{"level":"info","ts":1745893786.8394716,"logger":"tls","msg":"certificate is in configured renewal window based on expiration date","subjects":[],"expiration":1745877544,"ari_cert_id":"","next_ari_update":null,"renew_check_interval":600,"window_start":-6795364578.8713455,"window_end":-6795364578.8713455,"remaining":-16242.8394717}
{"level":"info","ts":1745893786.839527,"msg":"autosaved config (load with --resume flag)","file":"C:\\Users\\LEGION\\AppData\\Roaming\\Caddy\\autosave.json"}
2025-04-29T09:29:46.839988: {"level":"info","ts":1745893786.839527,"msg":"serving initial configuration"}
{"level":"info","ts":1745893786.853743,"logger":"tls.renew","msg":"acquiring lock","identifier":"10.20.50.195"}
{"level":"info","ts":1745893786.8601532,"logger":"tls.renew","msg":"lock acquired","identifier":"10.20.50.195"}
{"level":"info","ts":1745893786.860675,"logger":"tls.renew","msg":"renewing certificate","identifier":"10.20.50.195","remaining":-16242.8606751}
{"level":"info","ts":1745893786.8805463,"logger":"tls.renew","msg":"certificate renewed successfully","identifier":"10.20.50.195","issuer":"local"}
{"level":"info","ts":1745893786.8805463,"logger":"tls.renew","msg":"releasing lock","identifier":"10.20.50.195"}
{"level":"info","ts":1745893786.8805463,"logger":"tls","msg":"reloading managed certificate","identifiers":["10.20.50.195"]}
{"level":"info","ts":1745893786.8873851,"logger":"tls.cache","msg":"replaced certificate in cache","subjects":["10.20.50.195"],"new_expiration":1745936987}
